<?xml version="1.0" encoding="UTF-8"?>
<!-- Generated by org.testng.reporters.JUnitReportReporter -->
<testsuite hostname="Priya" name="org.rest.BaseRestAssured" tests="1" failures="0" timestamp="16 Aug 2022 04:02:34 GMT" time="22.615" errors="0">
  <testcase name="restAssured" time="22.615" classname="org.rest.BaseRestAssured"/>
</testsuite> <!-- org.rest.BaseRestAssured -->
