<?xml version="1.0" encoding="UTF-8"?>
<!-- Generated by org.testng.reporters.JUnitReportReporter -->
<testsuite hostname="Priya" name="org.rest.ApiSeri" tests="1" failures="0" timestamp="16 Aug 2022 04:50:33 GMT" time="12.246" errors="0">
  <testcase name="ti" time="12.246" classname="org.rest.ApiSeri"/>
</testsuite> <!-- org.rest.ApiSeri -->
