<?xml version="1.0" encoding="UTF-8"?>
<!-- Generated by org.testng.reporters.JUnitReportReporter -->
<testsuite hostname="Priya" name="org.rest.ApiRestAssured" tests="1" failures="0" timestamp="16 Aug 2022 04:06:47 GMT" time="12.738" errors="0">
  <testcase name="tc1" time="12.738" classname="org.rest.ApiRestAssured"/>
</testsuite> <!-- org.rest.ApiRestAssured -->
